TN:
SF:src/MVVM.ts
FN:10,(anonymous_0)
FN:29,(anonymous_1)
FN:30,(anonymous_2)
FN:32,(anonymous_3)
FN:35,(anonymous_4)
FNF:5
FNH:3
FNDA:1,(anonymous_0)
FNDA:1,(anonymous_1)
FNDA:2,(anonymous_2)
FNDA:0,(anonymous_3)
FNDA:0,(anonymous_4)
DA:1,1
DA:2,1
DA:4,1
DA:12,1
DA:13,1
DA:14,1
DA:16,0
DA:19,1
DA:22,1
DA:25,1
DA:30,1
DA:31,2
DA:33,0
DA:36,0
DA:43,1
LF:15
LH:12
BRDA:13,0,0,1
BRDA:13,0,1,0
BRF:2
BRH:1
end_of_record
TN:
SF:src/compile.ts
FN:10,(anonymous_0)
FN:25,(anonymous_1)
FN:29,(anonymous_2)
FN:34,(anonymous_3)
FN:42,(anonymous_4)
FN:46,(anonymous_5)
FN:61,(anonymous_6)
FN:64,(anonymous_7)
FN:78,(anonymous_8)
FN:91,(anonymous_9)
FN:93,(anonymous_10)
FN:98,(anonymous_11)
FN:100,(anonymous_12)
FN:108,(anonymous_13)
FN:109,(anonymous_14)
FN:114,(anonymous_15)
FN:117,(anonymous_16)
FN:118,(anonymous_17)
FN:126,(anonymous_18)
FN:130,(anonymous_19)
FN:134,(anonymous_20)
FN:143,(anonymous_21)
FN:147,(anonymous_22)
FNF:23
FNH:23
FNDA:1,(anonymous_0)
FNDA:3,(anonymous_1)
FNDA:1,(anonymous_2)
FNDA:1,(anonymous_3)
FNDA:2,(anonymous_4)
FNDA:2,(anonymous_5)
FNDA:1,(anonymous_6)
FNDA:1,(anonymous_7)
FNDA:1,(anonymous_8)
FNDA:6,(anonymous_9)
FNDA:6,(anonymous_10)
FNDA:1,(anonymous_11)
FNDA:1,(anonymous_12)
FNDA:1,(anonymous_13)
FNDA:1,(anonymous_14)
FNDA:1,(anonymous_15)
FNDA:1,(anonymous_16)
FNDA:1,(anonymous_17)
FNDA:1,(anonymous_18)
FNDA:1,(anonymous_19)
FNDA:1,(anonymous_20)
FNDA:2,(anonymous_21)
FNDA:2,(anonymous_22)
DA:1,1
DA:2,1
DA:4,1
DA:12,1
DA:13,1
DA:14,1
DA:16,1
DA:18,1
DA:20,1
DA:26,3
DA:30,1
DA:35,1
DA:36,1
DA:37,1
DA:39,1
DA:44,2
DA:46,2
DA:47,2
DA:49,1
DA:52,1
DA:55,2
DA:56,1
DA:63,1
DA:64,1
DA:66,1
DA:67,1
DA:69,1
DA:70,1
DA:72,1
DA:79,1
DA:81,1
DA:82,1
DA:84,1
DA:89,1
DA:92,6
DA:93,6
DA:94,6
DA:99,1
DA:100,1
DA:101,1
DA:102,1
DA:104,0
DA:109,1
DA:110,1
DA:115,1
DA:116,1
DA:117,1
DA:118,1
DA:120,1
DA:123,1
DA:127,1
DA:128,1
DA:130,1
DA:131,1
DA:134,1
DA:135,1
DA:136,1
DA:139,1
DA:144,2
DA:148,2
LF:60
LH:59
BRDA:12,0,0,1
BRDA:12,0,1,0
BRDA:14,1,0,1
BRDA:47,2,0,1
BRDA:47,2,1,1
BRDA:55,3,0,1
BRDA:55,4,0,2
BRDA:55,4,1,2
BRDA:67,5,0,1
BRDA:82,6,0,1
BRDA:101,7,0,1
BRDA:120,8,0,1
BRDA:120,8,1,1
BRDA:123,9,0,1
BRDA:123,9,1,1
BRDA:131,10,0,1
BRDA:131,10,1,1
BRDA:139,11,0,1
BRDA:139,11,1,1
BRF:19
BRH:18
end_of_record
TN:
SF:src/observer.ts
FN:5,(anonymous_0)
FN:8,(anonymous_1)
FN:16,(anonymous_2)
FN:22,(anonymous_3)
FN:31,(anonymous_4)
FN:35,(anonymous_5)
FN:50,(anonymous_6)
FN:54,(anonymous_7)
FN:57,(anonymous_8)
FN:58,(anonymous_9)
FNF:10
FNH:10
FNDA:1,(anonymous_0)
FNDA:4,(anonymous_1)
FNDA:2,(anonymous_2)
FNDA:2,(anonymous_3)
FNDA:11,(anonymous_4)
FNDA:2,(anonymous_5)
FNDA:2,(anonymous_6)
FNDA:2,(anonymous_7)
FNDA:1,(anonymous_8)
FNDA:2,(anonymous_9)
DA:1,1
DA:2,1
DA:6,1
DA:10,4
DA:11,3
DA:16,1
DA:18,2
DA:19,2
DA:23,2
DA:25,2
DA:28,2
DA:32,11
DA:33,11
DA:36,2
DA:37,1
DA:38,1
DA:39,1
DA:52,2
DA:55,2
DA:58,2
LF:20
LH:20
BRDA:10,0,0,3
BRDA:10,1,0,4
BRDA:10,1,1,4
BRDA:32,2,0,11
BRDA:32,2,1,2
BRDA:36,3,0,1
BRF:6
BRH:6
end_of_record
TN:
SF:src/watcher.ts
FN:13,(anonymous_0)
FN:19,(anonymous_1)
FN:25,(anonymous_2)
FNF:3
FNH:3
FNDA:2,(anonymous_0)
FNDA:2,(anonymous_1)
FNDA:2,(anonymous_2)
DA:1,1
DA:2,1
DA:4,1
DA:14,2
DA:15,2
DA:16,2
DA:17,2
DA:20,2
DA:21,2
DA:22,2
DA:23,2
DA:27,2
DA:28,2
DA:29,2
LF:14
LH:14
BRDA:28,0,0,2
BRF:1
BRH:1
end_of_record
